# JRE version: Java(TM) SE Runtime Environment (8.0_66-b17) (build 1.8.0_66-b17)
# Java VM: Java HotSpot(TM) 64-Bit Server VM (25.66-b17 mixed mode windows-amd64 compressed oops)
Heap:
 PSYoungGen      total 220672K, used 11256K [0x00000000d7580000, 0x00000000e6200000, 0x0000000100000000)
  eden space 206336K, 5% used [0x00000000d7580000,0x00000000d807e220,0x00000000e3f00000)
  from space 14336K, 0% used [0x00000000e4d80000,0x00000000e4d80000,0x00000000e5b80000)
  to   space 14848K, 0% used [0x00000000e3f00000,0x00000000e3f00000,0x00000000e4d80000)
 ParOldGen       total 65536K, used 15627K [0x0000000086000000, 0x000000008a000000, 0x00000000d7580000)
  object space 65536K, 23% used [0x0000000086000000,0x0000000086f42d80,0x000000008a000000)
 Metaspace       used 34844K, capacity 36232K, committed 36312K, reserved 1081344K
  class space    used 4498K, capacity 4744K, committed 4824K, reserved 1048576K
GC Heap History (10 events):
Event: 2.751 GC heap before
{Heap before GC invocations=6 (full 1):
 PSYoungGen      total 67584K, used 5118K [0x00000000d7580000, 0x00000000dff80000, 0x0000000100000000)
  eden space 62464K, 0% used [0x00000000d7580000,0x00000000d7580000,0x00000000db280000)
  from space 5120K, 99% used [0x00000000db280000,0x00000000db77fb70,0x00000000db780000)
  to   space 8192K, 0% used [0x00000000df780000,0x00000000df780000,0x00000000dff80000)
 ParOldGen       total 83456K, used 4151K [0x0000000086000000, 0x000000008b180000, 0x00000000d7580000)
  object space 83456K, 4% used [0x0000000086000000,0x000000008640df20,0x000000008b180000)
 Metaspace       used 20635K, capacity 21150K, committed 21248K, reserved 1067008K
  class space    used 2621K, capacity 2773K, committed 2816K, reserved 1048576K
Event: 2.785 GC heap after
Heap after GC invocations=6 (full 1):
 PSYoungGen      total 67584K, used 0K [0x00000000d7580000, 0x00000000dff80000, 0x0000000100000000)
  eden space 62464K, 0% used [0x00000000d7580000,0x00000000d7580000,0x00000000db280000)
  from space 5120K, 0% used [0x00000000db280000,0x00000000db280000,0x00000000db780000)
  to   space 8192K, 0% used [0x00000000df780000,0x00000000df780000,0x00000000dff80000)
 ParOldGen       total 44032K, used 5197K [0x0000000086000000, 0x0000000088b00000, 0x00000000d7580000)
  object space 44032K, 11% used [0x0000000086000000,0x00000000865134c0,0x0000000088b00000)
 Metaspace       used 20635K, capacity 21150K, committed 21248K, reserved 1067008K
  class space    used 2621K, capacity 2773K, committed 2816K, reserved 1048576K
}
Event: 3.658 GC heap before
{Heap before GC invocations=7 (full 1):
 PSYoungGen      total 67584K, used 62464K [0x00000000d7580000, 0x00000000dff80000, 0x0000000100000000)
  eden space 62464K, 100% used [0x00000000d7580000,0x00000000db280000,0x00000000db280000)
  from space 5120K, 0% used [0x00000000db280000,0x00000000db280000,0x00000000db780000)
  to   space 8192K, 0% used [0x00000000df780000,0x00000000df780000,0x00000000dff80000)
 ParOldGen       total 44032K, used 5197K [0x0000000086000000, 0x0000000088b00000, 0x00000000d7580000)
  object space 44032K, 11% used [0x0000000086000000,0x00000000865134c0,0x0000000088b00000)
 Metaspace       used 27635K, capacity 28370K, committed 28672K, reserved 1075200K
  class space    used 3557K, capacity 3753K, committed 3840K, reserved 1048576K
Event: 3.678 GC heap after
Heap after GC invocations=7 (full 1):
 PSYoungGen      total 122880K, used 8171K [0x00000000d7580000, 0x00000000dff80000, 0x0000000100000000)
  eden space 114688K, 0% used [0x00000000d7580000,0x00000000d7580000,0x00000000de580000)
  from space 8192K, 99% used [0x00000000df780000,0x00000000dff7ac90,0x00000000dff80000)
  to   space 10752K, 0% used [0x00000000dea80000,0x00000000dea80000,0x00000000df500000)
 ParOldGen       total 44032K, used 8372K [0x0000000086000000, 0x0000000088b00000, 0x00000000d7580000)
  object space 44032K, 19% used [0x0000000086000000,0x000000008682d338,0x0000000088b00000)
 Metaspace       used 27635K, capacity 28370K, committed 28672K, reserved 1075200K
  class space    used 3557K, capacity 3753K, committed 3840K, reserved 1048576K
}
Event: 5.694 GC heap before
{Heap before GC invocations=8 (full 1):
 PSYoungGen      total 122880K, used 122859K [0x00000000d7580000, 0x00000000dff80000, 0x0000000100000000)
  eden space 114688K, 100% used [0x00000000d7580000,0x00000000de580000,0x00000000de580000)
  from space 8192K, 99% used [0x00000000df780000,0x00000000dff7ac90,0x00000000dff80000)
  to   space 10752K, 0% used [0x00000000dea80000,0x00000000dea80000,0x00000000df500000)
 ParOldGen       total 44032K, used 8372K [0x0000000086000000, 0x0000000088b00000, 0x00000000d7580000)
  object space 44032K, 19% used [0x0000000086000000,0x000000008682d338,0x0000000088b00000)
 Metaspace       used 32965K, capacity 34216K, committed 34432K, reserved 1079296K
  class space    used 4215K, capacity 4474K, committed 4480K, reserved 1048576K
Event: 5.731 GC heap after
Heap after GC invocations=8 (full 1):
 PSYoungGen      total 130560K, used 10749K [0x00000000d7580000, 0x00000000e5b80000, 0x0000000100000000)
  eden space 119808K, 0% used [0x00000000d7580000,0x00000000d7580000,0x00000000dea80000)
  from space 10752K, 99% used [0x00000000dea80000,0x00000000df4ff750,0x00000000df500000)
  to   space 14336K, 0% used [0x00000000e4d80000,0x00000000e4d80000,0x00000000e5b80000)
 ParOldGen       total 44032K, used 12866K [0x0000000086000000, 0x0000000088b00000, 0x00000000d7580000)
  object space 44032K, 29% used [0x0000000086000000,0x0000000086c90b30,0x0000000088b00000)
 Metaspace       used 32965K, capacity 34216K, committed 34432K, reserved 1079296K
  class space    used 4215K, capacity 4474K, committed 4480K, reserved 1048576K
}
Event: 6.484 GC heap before
{Heap before GC invocations=9 (full 1):
 PSYoungGen      total 130560K, used 53013K [0x00000000d7580000, 0x00000000e5b80000, 0x0000000100000000)
  eden space 119808K, 35% used [0x00000000d7580000,0x00000000d9ec5dd0,0x00000000dea80000)
  from space 10752K, 99% used [0x00000000dea80000,0x00000000df4ff750,0x00000000df500000)
  to   space 14336K, 0% used [0x00000000e4d80000,0x00000000e4d80000,0x00000000e5b80000)
 ParOldGen       total 44032K, used 12866K [0x0000000086000000, 0x0000000088b00000, 0x00000000d7580000)
  object space 44032K, 29% used [0x0000000086000000,0x0000000086c90b30,0x0000000088b00000)
 Metaspace       used 33943K, capacity 35322K, committed 35416K, reserved 1079296K
  class space    used 4346K, capacity 4613K, committed 4696K, reserved 1048576K
Event: 6.498 GC heap after
Heap after GC invocations=9 (full 1):
 PSYoungGen      total 220672K, used 10175K [0x00000000d7580000, 0x00000000e6200000, 0x0000000100000000)
  eden space 206336K, 0% used [0x00000000d7580000,0x00000000d7580000,0x00000000e3f00000)
  from space 14336K, 70% used [0x00000000e4d80000,0x00000000e576fc70,0x00000000e5b80000)
  to   space 14848K, 0% used [0x00000000e3f00000,0x00000000e3f00000,0x00000000e4d80000)
 ParOldGen       total 44032K, used 12874K [0x0000000086000000, 0x0000000088b00000, 0x00000000d7580000)
  object space 44032K, 29% used [0x0000000086000000,0x0000000086c92b30,0x0000000088b00000)
 Metaspace       used 33943K, capacity 35322K, committed 35416K, reserved 1079296K
  class space    used 4346K, capacity 4613K, committed 4696K, reserved 1048576K
}
Event: 6.498 GC heap before
{Heap before GC invocations=10 (full 2):
 PSYoungGen      total 220672K, used 10175K [0x00000000d7580000, 0x00000000e6200000, 0x0000000100000000)
  eden space 206336K, 0% used [0x00000000d7580000,0x00000000d7580000,0x00000000e3f00000)
  from space 14336K, 70% used [0x00000000e4d80000,0x00000000e576fc70,0x00000000e5b80000)
  to   space 14848K, 0% used [0x00000000e3f00000,0x00000000e3f00000,0x00000000e4d80000)
 ParOldGen       total 44032K, used 12874K [0x0000000086000000, 0x0000000088b00000, 0x00000000d7580000)
  object space 44032K, 29% used [0x0000000086000000,0x0000000086c92b30,0x0000000088b00000)
 Metaspace       used 33943K, capacity 35322K, committed 35416K, reserved 1079296K
  class space    used 4346K, capacity 4613K, committed 4696K, reserved 1048576K
Event: 6.556 GC heap after
Heap after GC invocations=10 (full 2):
 PSYoungGen      total 220672K, used 0K [0x00000000d7580000, 0x00000000e6200000, 0x0000000100000000)
  eden space 206336K, 0% used [0x00000000d7580000,0x00000000d7580000,0x00000000e3f00000)
  from space 14336K, 0% used [0x00000000e4d80000,0x00000000e4d80000,0x00000000e5b80000)
  to   space 14848K, 0% used [0x00000000e3f00000,0x00000000e3f00000,0x00000000e4d80000)
 ParOldGen       total 65536K, used 15627K [0x0000000086000000, 0x000000008a000000, 0x00000000d7580000)
  object space 65536K, 23% used [0x0000000086000000,0x0000000086f42d80,0x000000008a000000)
 Metaspace       used 33943K, capacity 35322K, committed 35416K, reserved 1079296K
  class space    used 4346K, capacity 4613K, committed 4696K, reserved 1048576K
}

